-- MLP info --
MLP=
    [
        - Id=1,
        - Params=
        [
            - learning_rate = 0.5, 
            - error_rate: float = 1e-05, 
            - input_vector_dimension = 120, 
            - total_hidden_perceptrons = 10, 
            - total_output_percetrons = 26, 
            - total_eras = 5000, 
            - bias_value = 1, 
            - threshold_max = 1, 
            - threshold_min = 0
        ],
        - InputLayer=
        [
            - TotalData = 14
        ],
        - HiddenLayer=
        [
            - TotalPerceptrons=10, 
            - VectorDimension=120
        ],
        - OutputLayer=
        [
            - TotalPerceptrons=26, 
            - VectorDimension=10
        ]
        - Final_era= 1134
    ]
-- Learning assessment --
- Data = A
- Max_value_output = 0.8894625320328052
- Position_value_output = 0
- Classification = True

- Data = B
- Max_value_output = 0.8763933425454995
- Position_value_output = 1
- Classification = True

- Data = C
- Max_value_output = 0.9570711691261542
- Position_value_output = 2
- Classification = True

- Data = D
- Max_value_output = 0.9397363404615794
- Position_value_output = 3
- Classification = True

- Data = E
- Max_value_output = 0.8732870529841661
- Position_value_output = 4
- Classification = True

- Data = F
- Max_value_output = 0.8752722631154822
- Position_value_output = 5
- Classification = True

- Data = G
- Max_value_output = 0.9316561908231875
- Position_value_output = 6
- Classification = True

- Data = H
- Max_value_output = 0.9202351742110193
- Position_value_output = 7
- Classification = True

- Data = I
- Max_value_output = 0.8831363623950721
- Position_value_output = 8
- Classification = True

- Data = J
- Max_value_output = 0.9269850438985233
- Position_value_output = 9
- Classification = True

- Data = K
- Max_value_output = 0.9243396528759898
- Position_value_output = 10
- Classification = True

- Data = L
- Max_value_output = 0.8869514908060486
- Position_value_output = 11
- Classification = True

- Data = M
- Max_value_output = 0.8471342467703482
- Position_value_output = 12
- Classification = True

- Data = N
- Max_value_output = 0.9507322903340524
- Position_value_output = 13
- Classification = True

