-- MLP info --
MLP=
    [
        - Id=1,
        - Params=
        [
            - learning_rate = 0.5, 
            - error_rate: float = 1e-05, 
            - input_vector_dimension = 120, 
            - total_hidden_perceptrons = 11, 
            - total_output_percetrons = 26, 
            - total_eras = 5000, 
            - bias_value = 1, 
            - threshold_max = 1, 
            - threshold_min = 0
        ],
        - InputLayer=
        [
            - TotalData = 15
        ],
        - HiddenLayer=
        [
            - TotalPerceptrons=11, 
            - VectorDimension=120
        ],
        - OutputLayer=
        [
            - TotalPerceptrons=26, 
            - VectorDimension=11
        ]
        - Final_era= 606
    ]
-- Learning assessment --
- Data = A
- Max_value_output = 0.8954810786908572
- Position_value_output = 0
- Classification = True

- Data = B
- Max_value_output = 0.8951707433466713
- Position_value_output = 1
- Classification = True

- Data = C
- Max_value_output = 0.8713594764392455
- Position_value_output = 2
- Classification = True

- Data = D
- Max_value_output = 0.8499896353517326
- Position_value_output = 3
- Classification = True

- Data = E
- Max_value_output = 0.8662591328406307
- Position_value_output = 4
- Classification = True

- Data = F
- Max_value_output = 0.8059148051085014
- Position_value_output = 5
- Classification = True

- Data = G
- Max_value_output = 0.9071009398221631
- Position_value_output = 6
- Classification = True

- Data = H
- Max_value_output = 0.8549430115909544
- Position_value_output = 7
- Classification = True

- Data = I
- Max_value_output = 0.9169347908049237
- Position_value_output = 8
- Classification = True

- Data = J
- Max_value_output = 0.8968212796476416
- Position_value_output = 9
- Classification = True

- Data = K
- Max_value_output = 0.8047025945014958
- Position_value_output = 10
- Classification = True

- Data = L
- Max_value_output = 0.8880719615573955
- Position_value_output = 11
- Classification = True

- Data = M
- Max_value_output = 0.9139305503288373
- Position_value_output = 12
- Classification = True

- Data = N
- Max_value_output = 0.8611380716068555
- Position_value_output = 13
- Classification = True

- Data = O
- Max_value_output = 0.8472299515773618
- Position_value_output = 14
- Classification = True

