-- MLP info --
MLP=
    [
        - Id=1,
        - Params=
        [
            - learning_rate = 0.5, 
            - error_rate: float = 1, 
            - input_vector_dimension = 120, 
            - total_hidden_perceptrons = 50, 
            - total_output_percetrons = 26, 
            - total_eras = 600, 
            - bias_value = 1, 
            - threshold_max = 1, 
            - threshold_min = 0
        ],
        - InputLayer=
        [
            - TotalData = 663
        ],
        - HiddenLayer=
        [
            - TotalPerceptrons=50, 
            - VectorDimension=120
        ],
        - OutputLayer=
        [
            - TotalPerceptrons=26, 
            - VectorDimension=50
        ]
        - Final_era= 97
        - Final_error = 0.9970852051472477
    ]
-- Learning assessment --
- Total_hits = 525
- Total_errors = 138
- Char_hits = ['N(0)', 'O(1)', 'P(2)', 'Q(3)', 'R(4)', 'S(5)', 'U(7)', 'W(9)', 'X(10)', 'Y(11)', 'Z(12)', 'A(13)', 'B(14)', 'C(15)', 'D(16)', 'E(17)', 'F(18)', 'G(19)', 'H(20)', 'I(21)', 'J(22)', 'K(23)', 'L(24)', 'M(25)', 'N(26)', 'O(27)', 'P(28)', 'Q(29)', 'R(30)', 'S(31)', 'T(32)', 'U(33)', 'V(34)', 'W(35)', 'X(36)', 'Y(37)', 'Z(38)', 'A(39)', 'B(40)', 'C(41)', 'D(42)', 'E(43)', 'F(44)', 'G(45)', 'H(46)', 'I(47)', 'J(48)', 'L(50)', 'M(51)', 'N(52)', 'O(53)', 'P(54)', 'R(56)', 'U(59)', 'V(60)', 'W(61)', 'X(62)', 'Y(63)', 'Z(64)', 'A(65)', 'C(67)', 'F(70)', 'G(71)', 'H(72)', 'I(73)', 'K(75)', 'L(76)', 'N(78)', 'O(79)', 'P(80)', 'Q(81)', 'S(83)', 'T(84)', 'U(85)', 'W(87)', 'Z(90)', 'A(91)', 'B(92)', 'C(93)', 'D(94)', 'F(96)', 'G(97)', 'I(99)', 'K(101)', 'M(103)', 'N(104)', 'O(105)', 'P(106)', 'Q(107)', 'R(108)', 'S(109)', 'T(110)', 'U(111)', 'W(113)', 'Y(115)', 'Z(116)', 'A(117)', 'B(118)', 'C(119)', 'D(120)', 'E(121)', 'F(122)', 'G(123)', 'H(124)', 'I(125)', 'J(126)', 'K(127)', 'L(128)', 'M(129)', 'N(130)', 'O(131)', 'P(132)', 'Q(133)', 'R(134)', 'S(135)', 'T(136)', 'U(137)', 'V(138)', 'W(139)', 'X(140)', 'Y(141)', 'Z(142)', 'A(143)', 'C(145)', 'D(146)', 'F(148)', 'G(149)', 'H(150)', 'I(151)', 'K(153)', 'N(156)', 'O(157)', 'P(158)', 'Q(159)', 'R(160)', 'T(162)', 'V(164)', 'W(165)', 'Z(168)', 'A(169)', 'B(170)', 'C(171)', 'D(172)', 'E(173)', 'F(174)', 'G(175)', 'H(176)', 'I(177)', 'J(178)', 'K(179)', 'L(180)', 'M(181)', 'N(182)', 'O(183)', 'P(184)', 'Q(185)', 'R(186)', 'S(187)', 'T(188)', 'U(189)', 'V(190)', 'W(191)', 'X(192)', 'Y(193)', 'Z(194)', 'A(195)', 'B(196)', 'C(197)', 'D(198)', 'E(199)', 'G(201)', 'H(202)', 'I(203)', 'J(204)', 'K(205)', 'L(206)', 'M(207)', 'N(208)', 'O(209)', 'P(210)', 'R(212)', 'S(213)', 'T(214)', 'U(215)', 'V(216)', 'W(217)', 'X(218)', 'Y(219)', 'A(221)', 'B(222)', 'C(223)', 'D(224)', 'E(225)', 'F(226)', 'G(227)', 'H(228)', 'I(229)', 'J(230)', 'K(231)', 'L(232)', 'M(233)', 'N(234)', 'O(235)', 'P(236)', 'Q(237)', 'R(238)', 'S(239)', 'T(240)', 'U(241)', 'V(242)', 'W(243)', 'X(244)', 'Y(245)', 'Z(246)', 'A(247)', 'B(248)', 'C(249)', 'E(251)', 'F(252)', 'G(253)', 'H(254)', 'I(255)', 'J(256)', 'K(257)', 'L(258)', 'N(260)', 'O(261)', 'P(262)', 'Q(263)', 'R(264)', 'S(265)', 'T(266)', 'U(267)', 'V(268)', 'X(270)', 'Y(271)', 'Z(272)', 'A(273)', 'C(275)', 'E(277)', 'F(278)', 'G(279)', 'I(281)', 'J(282)', 'K(283)', 'L(284)', 'O(287)', 'P(288)', 'R(290)', 'S(291)', 'T(292)', 'U(293)', 'Y(297)', 'Z(298)', 'A(299)', 'B(300)', 'C(301)', 'D(302)', 'E(303)', 'F(304)', 'G(305)', 'H(306)', 'I(307)', 'J(308)', 'K(309)', 'L(310)', 'N(312)', 'P(314)', 'R(316)', 'S(317)', 'T(318)', 'U(319)', 'V(320)', 'X(322)', 'Y(323)', 'Z(324)', 'A(325)', 'B(326)', 'C(327)', 'F(330)', 'G(331)', 'H(332)', 'I(333)', 'K(335)', 'L(336)', 'M(337)', 'N(338)', 'O(339)', 'Q(341)', 'R(342)', 'S(343)', 'T(344)', 'W(347)', 'Z(350)', 'A(351)', 'C(353)', 'E(355)', 'F(356)', 'G(357)', 'H(358)', 'K(361)', 'L(362)', 'M(363)', 'N(364)', 'P(366)', 'Q(367)', 'R(368)', 'S(369)', 'T(370)', 'U(371)', 'V(372)', 'W(373)', 'Y(375)', 'Z(376)', 'A(377)', 'B(378)', 'C(379)', 'F(382)', 'G(383)', 'H(384)', 'I(385)', 'L(388)', 'M(389)', 'N(390)', 'O(391)', 'Q(393)', 'S(395)', 'T(396)', 'U(397)', 'W(399)', 'X(400)', 'Z(402)', 'A(403)', 'C(405)', 'D(406)', 'G(409)', 'H(410)', 'I(411)', 'K(413)', 'L(414)', 'M(415)', 'N(416)', 'O(417)', 'P(418)', 'Q(419)', 'R(420)', 'S(421)', 'T(422)', 'U(423)', 'V(424)', 'W(425)', 'X(426)', 'Y(427)', 'Z(428)', 'A(429)', 'B(430)', 'C(431)', 'D(432)', 'E(433)', 'F(434)', 'G(435)', 'H(436)', 'I(437)', 'J(438)', 'K(439)', 'L(440)', 'M(441)', 'N(442)', 'O(443)', 'P(444)', 'Q(445)', 'S(447)', 'T(448)', 'U(449)', 'V(450)', 'W(451)', 'X(452)', 'Y(453)', 'Z(454)', 'F(460)', 'I(463)', 'J(464)', 'K(465)', 'P(470)', 'R(472)', 'S(473)', 'V(476)', 'W(477)', 'A(481)', 'B(482)', 'C(483)', 'E(485)', 'F(486)', 'G(487)', 'H(488)', 'I(489)', 'K(491)', 'L(492)', 'M(493)', 'N(494)', 'P(496)', 'Q(497)', 'S(499)', 'T(500)', 'U(501)', 'V(502)', 'W(503)', 'X(504)', 'Y(505)', 'Z(506)', 'A(507)', 'B(508)', 'C(509)', 'F(512)', 'G(513)', 'H(514)', 'I(515)', 'J(516)', 'K(517)', 'L(518)', 'M(519)', 'N(520)', 'O(521)', 'P(522)', 'Q(523)', 'R(524)', 'T(526)', 'U(527)', 'V(528)', 'W(529)', 'X(530)', 'Y(531)', 'A(533)', 'B(534)', 'C(535)', 'D(536)', 'E(537)', 'F(538)', 'G(539)', 'H(540)', 'I(541)', 'L(544)', 'M(545)', 'N(546)', 'O(547)', 'P(548)', 'Q(549)', 'R(550)', 'T(552)', 'U(553)', 'V(554)', 'W(555)', 'X(556)', 'Y(557)', 'Z(558)', 'C(561)', 'F(564)', 'G(565)', 'K(569)', 'M(571)', 'O(573)', 'P(574)', 'R(576)', 'T(578)', 'V(580)', 'W(581)', 'Z(584)', 'A(585)', 'B(586)', 'D(588)', 'E(589)', 'F(590)', 'G(591)', 'H(592)', 'I(593)', 'J(594)', 'L(596)', 'M(597)', 'N(598)', 'O(599)', 'P(600)', 'Q(601)', 'R(602)', 'S(603)', 'T(604)', 'U(605)', 'W(607)', 'Y(609)', 'Z(610)', 'A(611)', 'C(613)', 'E(615)', 'F(616)', 'G(617)', 'H(618)', 'I(619)', 'J(620)', 'K(621)', 'L(622)', 'M(623)', 'O(625)', 'P(626)', 'Q(627)', 'R(628)', 'S(629)', 'T(630)', 'U(631)', 'W(633)', 'X(634)', 'Y(635)', 'A(637)', 'B(638)', 'D(640)', 'E(641)', 'F(642)', 'G(643)', 'I(645)', 'J(646)', 'N(650)', 'P(652)', 'S(655)', 'T(656)', 'V(658)', 'W(659)', 'Y(661)']
- Char_errors = ['T(6)', 'V(8)', 'K(49)', 'Q(55)', 'S(57)', 'T(58)', 'B(66)', 'D(68)', 'E(69)', 'J(74)', 'M(77)', 'R(82)', 'V(86)', 'X(88)', 'Y(89)', 'E(95)', 'H(98)', 'J(100)', 'L(102)', 'V(112)', 'X(114)', 'B(144)', 'E(147)', 'J(152)', 'L(154)', 'M(155)', 'S(161)', 'U(163)', 'X(166)', 'Y(167)', 'F(200)', 'Q(211)', 'Z(220)', 'D(250)', 'M(259)', 'W(269)', 'B(274)', 'D(276)', 'H(280)', 'M(285)', 'N(286)', 'Q(289)', 'V(294)', 'W(295)', 'X(296)', 'M(311)', 'O(313)', 'Q(315)', 'W(321)', 'D(328)', 'E(329)', 'J(334)', 'P(340)', 'U(345)', 'V(346)', 'X(348)', 'Y(349)', 'B(352)', 'D(354)', 'I(359)', 'J(360)', 'O(365)', 'X(374)', 'D(380)', 'E(381)', 'J(386)', 'K(387)', 'P(392)', 'R(394)', 'V(398)', 'Y(401)', 'B(404)', 'E(407)', 'F(408)', 'J(412)', 'R(446)', 'A(455)', 'B(456)', 'C(457)', 'D(458)', 'E(459)', 'G(461)', 'H(462)', 'L(466)', 'M(467)', 'N(468)', 'O(469)', 'Q(471)', 'T(474)', 'U(475)', 'X(478)', 'Y(479)', 'Z(480)', 'D(484)', 'J(490)', 'O(495)', 'R(498)', 'D(510)', 'E(511)', 'S(525)', 'Z(532)', 'J(542)', 'K(543)', 'S(551)', 'A(559)', 'B(560)', 'D(562)', 'E(563)', 'H(566)', 'I(567)', 'J(568)', 'L(570)', 'N(572)', 'Q(575)', 'S(577)', 'U(579)', 'X(582)', 'Y(583)', 'C(587)', 'K(595)', 'V(606)', 'X(608)', 'B(612)', 'D(614)', 'N(624)', 'V(632)', 'Z(636)', 'C(639)', 'H(644)', 'K(647)', 'L(648)', 'M(649)', 'O(651)', 'Q(653)', 'R(654)', 'U(657)', 'X(660)', 'Z(662)']
