-- MLP info --
MLP=
    [
        - Id=1,
        - Params=
        [
            - learning_rate = 0.5, 
            - error_rate: float = 1, 
            - input_vector_dimension = 120, 
            - total_hidden_perceptrons = 50, 
            - total_output_percetrons = 26, 
            - total_eras = 600, 
            - bias_value = 1, 
            - threshold_max = 1, 
            - threshold_min = 0
        ],
        - InputLayer=
        [
            - TotalData = 500
        ],
        - HiddenLayer=
        [
            - TotalPerceptrons=50, 
            - VectorDimension=120
        ],
        - OutputLayer=
        [
            - TotalPerceptrons=26, 
            - VectorDimension=50
        ]
        - Final_era= 85
        - Final_error = 0.9975280841173864
    ]
-- Learning assessment --
- Total_hits = 639
- Total_errors = 187
- Char_hits = ['G(0)', 'H(1)', 'I(2)', 'J(3)', 'K(4)', 'L(5)', 'M(6)', 'N(7)', 'O(8)', 'P(9)', 'Q(10)', 'R(11)', 'S(12)', 'T(13)', 'U(14)', 'V(15)', 'W(16)', 'X(17)', 'Y(18)', 'Z(19)', 'A(20)', 'J(29)', 'K(30)', 'L(31)', 'N(33)', 'Q(36)', 'V(41)', 'X(43)', 'A(46)', 'B(47)', 'C(48)', 'D(49)', 'E(50)', 'F(51)', 'G(52)', 'H(53)', 'J(55)', 'K(56)', 'L(57)', 'M(58)', 'N(59)', 'O(60)', 'Q(62)', 'S(64)', 'T(65)', 'U(66)', 'V(67)', 'W(68)', 'X(69)', 'Y(70)', 'Z(71)', 'A(72)', 'C(74)', 'D(75)', 'E(76)', 'F(77)', 'G(78)', 'J(81)', 'L(83)', 'M(84)', 'N(85)', 'O(86)', 'P(87)', 'Q(88)', 'S(90)', 'T(91)', 'U(92)', 'V(93)', 'W(94)', 'X(95)', 'Y(96)', 'Z(97)', 'A(98)', 'D(101)', 'E(102)', 'F(103)', 'H(105)', 'J(107)', 'L(109)', 'M(110)', 'N(111)', 'O(112)', 'P(113)', 'Q(114)', 'S(116)', 'T(117)', 'U(118)', 'V(119)', 'W(120)', 'X(121)', 'Y(122)', 'Z(123)', 'A(124)', 'B(125)', 'C(126)', 'D(127)', 'E(128)', 'F(129)', 'G(130)', 'H(131)', 'I(132)', 'K(134)', 'L(135)', 'M(136)', 'N(137)', 'O(138)', 'P(139)', 'Q(140)', 'S(142)', 'T(143)', 'U(144)', 'V(145)', 'W(146)', 'X(147)', 'Y(148)', 'Z(149)', 'A(150)', 'C(152)', 'D(153)', 'E(154)', 'F(155)', 'G(156)', 'H(157)', 'I(158)', 'J(159)', 'K(160)', 'L(161)', 'M(162)', 'N(163)', 'O(164)', 'P(165)', 'Q(166)', 'R(167)', 'S(168)', 'T(169)', 'U(170)', 'W(172)', 'X(173)', 'Y(174)', 'Z(175)', 'A(176)', 'B(177)', 'C(178)', 'D(179)', 'E(180)', 'F(181)', 'G(182)', 'H(183)', 'I(184)', 'J(185)', 'K(186)', 'L(187)', 'M(188)', 'N(189)', 'O(190)', 'P(191)', 'Q(192)', 'R(193)', 'S(194)', 'T(195)', 'U(196)', 'V(197)', 'W(198)', 'X(199)', 'Y(200)', 'Z(201)', 'A(202)', 'B(203)', 'G(208)', 'H(209)', 'I(210)', 'J(211)', 'L(213)', 'M(214)', 'N(215)', 'P(217)', 'U(222)', 'V(223)', 'W(224)', 'X(225)', 'Y(226)', 'A(228)', 'C(230)', 'F(233)', 'G(234)', 'H(235)', 'I(236)', 'K(238)', 'L(239)', 'M(240)', 'N(241)', 'O(242)', 'P(243)', 'Q(244)', 'T(247)', 'U(248)', 'W(250)', 'Y(252)', 'A(254)', 'B(255)', 'C(256)', 'D(257)', 'F(259)', 'G(260)', 'I(262)', 'K(264)', 'M(266)', 'N(267)', 'O(268)', 'P(269)', 'Q(270)', 'R(271)', 'S(272)', 'T(273)', 'U(274)', 'W(276)', 'Y(278)', 'Z(279)', 'A(280)', 'B(281)', 'C(282)', 'D(283)', 'E(284)', 'F(285)', 'G(286)', 'H(287)', 'I(288)', 'J(289)', 'K(290)', 'L(291)', 'M(292)', 'N(293)', 'O(294)', 'P(295)', 'Q(296)', 'R(297)', 'S(298)', 'T(299)', 'U(300)', 'V(301)', 'W(302)', 'X(303)', 'Y(304)', 'Z(305)', 'A(306)', 'C(308)', 'D(309)', 'F(311)', 'G(312)', 'H(313)', 'I(314)', 'K(316)', 'N(319)', 'O(320)', 'P(321)', 'Q(322)', 'R(323)', 'T(325)', 'U(326)', 'V(327)', 'W(328)', 'Y(330)', 'Z(331)', 'A(332)', 'B(333)', 'C(334)', 'D(335)', 'E(336)', 'F(337)', 'G(338)', 'H(339)', 'I(340)', 'J(341)', 'K(342)', 'L(343)', 'M(344)', 'N(345)', 'O(346)', 'P(347)', 'Q(348)', 'R(349)', 'S(350)', 'T(351)', 'U(352)', 'V(353)', 'W(354)', 'X(355)', 'Y(356)', 'Z(357)', 'A(358)', 'D(361)', 'H(365)', 'I(366)', 'J(367)', 'K(368)', 'L(369)', 'M(370)', 'N(371)', 'P(373)', 'S(376)', 'U(378)', 'V(379)', 'W(380)', 'Y(382)', 'A(384)', 'B(385)', 'C(386)', 'D(387)', 'E(388)', 'F(389)', 'G(390)', 'H(391)', 'I(392)', 'J(393)', 'K(394)', 'L(395)', 'M(396)', 'N(397)', 'O(398)', 'P(399)', 'Q(400)', 'R(401)', 'S(402)', 'T(403)', 'U(404)', 'V(405)', 'W(406)', 'X(407)', 'Y(408)', 'Z(409)', 'A(410)', 'B(411)', 'C(412)', 'F(415)', 'G(416)', 'H(417)', 'I(418)', 'J(419)', 'K(420)', 'L(421)', 'N(423)', 'O(424)', 'P(425)', 'Q(426)', 'R(427)', 'S(428)', 'T(429)', 'V(431)', 'X(433)', 'Y(434)', 'A(436)', 'C(438)', 'D(439)', 'F(441)', 'G(442)', 'J(445)', 'K(446)', 'L(447)', 'N(449)', 'O(450)', 'P(451)', 'S(454)', 'T(455)', 'U(456)', 'Y(460)', 'Z(461)', 'A(462)', 'B(463)', 'D(465)', 'H(469)', 'I(470)', 'J(471)', 'L(473)', 'N(475)', 'S(480)', 'U(482)', 'V(483)', 'X(485)', 'Y(486)', 'A(488)', 'B(489)', 'C(490)', 'F(493)', 'G(494)', 'H(495)', 'I(496)', 'K(498)', 'L(499)', 'M(500)', 'N(501)', 'O(502)', 'P(503)', 'Q(504)', 'R(505)', 'S(506)', 'T(507)', 'U(508)', 'W(510)', 'Y(512)', 'Z(513)', 'A(514)', 'B(515)', 'C(516)', 'D(517)', 'E(518)', 'F(519)', 'G(520)', 'H(521)', 'I(522)', 'K(524)', 'L(525)', 'M(526)', 'N(527)', 'O(528)', 'P(529)', 'R(531)', 'S(532)', 'T(533)', 'U(534)', 'V(535)', 'W(536)', 'Y(538)', 'Z(539)', 'A(540)', 'C(542)', 'F(545)', 'G(546)', 'H(547)', 'I(548)', 'L(551)', 'M(552)', 'N(553)', 'O(554)', 'P(555)', 'Q(556)', 'T(559)', 'U(560)', 'W(562)', 'X(563)', 'Y(564)', 'Z(565)', 'A(566)', 'C(568)', 'D(569)', 'E(570)', 'G(572)', 'H(573)', 'I(574)', 'K(576)', 'L(577)', 'M(578)', 'N(579)', 'O(580)', 'P(581)', 'Q(582)', 'R(583)', 'S(584)', 'T(585)', 'U(586)', 'V(587)', 'W(588)', 'X(589)', 'Y(590)', 'Z(591)', 'A(592)', 'B(593)', 'C(594)', 'D(595)', 'E(596)', 'F(597)', 'G(598)', 'H(599)', 'I(600)', 'J(601)', 'K(602)', 'L(603)', 'M(604)', 'N(605)', 'O(606)', 'P(607)', 'Q(608)', 'S(610)', 'T(611)', 'U(612)', 'V(613)', 'W(614)', 'X(615)', 'Y(616)', 'Z(617)', 'I(626)', 'J(627)', 'P(633)', 'S(636)', 'T(637)', 'W(640)', 'Y(642)', 'Z(643)', 'A(644)', 'B(645)', 'C(646)', 'F(649)', 'H(651)', 'I(652)', 'K(654)', 'L(655)', 'M(656)', 'N(657)', 'P(659)', 'Q(660)', 'S(662)', 'T(663)', 'U(664)', 'V(665)', 'W(666)', 'X(667)', 'Y(668)', 'Z(669)', 'A(670)', 'B(671)', 'C(672)', 'F(675)', 'G(676)', 'H(677)', 'I(678)', 'K(680)', 'L(681)', 'M(682)', 'N(683)', 'O(684)', 'P(685)', 'Q(686)', 'R(687)', 'T(689)', 'U(690)', 'W(692)', 'X(693)', 'Y(694)', 'Z(695)', 'A(696)', 'C(698)', 'D(699)', 'E(700)', 'F(701)', 'G(702)', 'H(703)', 'I(704)', 'J(705)', 'K(706)', 'L(707)', 'M(708)', 'N(709)', 'O(710)', 'P(711)', 'Q(712)', 'R(713)', 'S(714)', 'T(715)', 'U(716)', 'V(717)', 'W(718)', 'X(719)', 'Y(720)', 'Z(721)', 'C(724)', 'D(725)', 'F(727)', 'G(728)', 'H(729)', 'I(730)', 'J(731)', 'K(732)', 'L(733)', 'M(734)', 'N(735)', 'O(736)', 'P(737)', 'Q(738)', 'R(739)', 'S(740)', 'T(741)', 'U(742)', 'V(743)', 'W(744)', 'Z(747)', 'A(748)', 'B(749)', 'C(750)', 'D(751)', 'E(752)', 'F(753)', 'G(754)', 'H(755)', 'I(756)', 'J(757)', 'L(759)', 'M(760)', 'N(761)', 'P(763)', 'Q(764)', 'R(765)', 'S(766)', 'U(768)', 'V(769)', 'W(770)', 'X(771)', 'Y(772)', 'Z(773)', 'A(774)', 'C(776)', 'F(779)', 'G(780)', 'H(781)', 'I(782)', 'J(783)', 'K(784)', 'L(785)', 'M(786)', 'O(788)', 'P(789)', 'Q(790)', 'R(791)', 'S(792)', 'T(793)', 'U(794)', 'X(797)', 'Y(798)', 'D(803)', 'E(804)', 'F(805)', 'G(806)', 'I(808)', 'J(809)', 'N(813)', 'P(815)', 'S(818)', 'U(820)', 'V(821)', 'W(822)', 'X(823)']
- Char_errors = ['B(21)', 'C(22)', 'D(23)', 'E(24)', 'F(25)', 'G(26)', 'H(27)', 'I(28)', 'M(32)', 'O(34)', 'P(35)', 'R(37)', 'S(38)', 'T(39)', 'U(40)', 'W(42)', 'Y(44)', 'Z(45)', 'I(54)', 'P(61)', 'R(63)', 'B(73)', 'H(79)', 'I(80)', 'K(82)', 'R(89)', 'B(99)', 'C(100)', 'G(104)', 'I(106)', 'K(108)', 'R(115)', 'J(133)', 'R(141)', 'B(151)', 'V(171)', 'C(204)', 'D(205)', 'E(206)', 'F(207)', 'K(212)', 'O(216)', 'Q(218)', 'R(219)', 'S(220)', 'T(221)', 'Z(227)', 'B(229)', 'D(231)', 'E(232)', 'J(237)', 'R(245)', 'S(246)', 'V(249)', 'X(251)', 'Z(253)', 'E(258)', 'H(261)', 'J(263)', 'L(265)', 'V(275)', 'X(277)', 'B(307)', 'E(310)', 'J(315)', 'L(317)', 'M(318)', 'S(324)', 'X(329)', 'B(359)', 'C(360)', 'E(362)', 'F(363)', 'G(364)', 'O(372)', 'Q(374)', 'R(375)', 'T(377)', 'X(381)', 'Z(383)', 'D(413)', 'E(414)', 'M(422)', 'U(430)', 'W(432)', 'Z(435)', 'B(437)', 'E(440)', 'H(443)', 'I(444)', 'M(448)', 'Q(452)', 'R(453)', 'V(457)', 'W(458)', 'X(459)', 'C(464)', 'E(466)', 'F(467)', 'G(468)', 'K(472)', 'M(474)', 'O(476)', 'P(477)', 'Q(478)', 'R(479)', 'T(481)', 'W(484)', 'Z(487)', 'D(491)', 'E(492)', 'J(497)', 'V(509)', 'X(511)', 'J(523)', 'Q(530)', 'X(537)', 'B(541)', 'D(543)', 'E(544)', 'J(549)', 'K(550)', 'R(557)', 'S(558)', 'V(561)', 'B(567)', 'F(571)', 'J(575)', 'R(609)', 'A(618)', 'B(619)', 'C(620)', 'D(621)', 'E(622)', 'F(623)', 'G(624)', 'H(625)', 'K(628)', 'L(629)', 'M(630)', 'N(631)', 'O(632)', 'Q(634)', 'R(635)', 'U(638)', 'V(639)', 'X(641)', 'D(647)', 'E(648)', 'G(650)', 'J(653)', 'O(658)', 'R(661)', 'D(673)', 'E(674)', 'J(679)', 'S(688)', 'V(691)', 'B(697)', 'A(722)', 'B(723)', 'E(726)', 'X(745)', 'Y(746)', 'K(758)', 'O(762)', 'T(767)', 'B(775)', 'D(777)', 'E(778)', 'N(787)', 'V(795)', 'W(796)', 'Z(799)', 'A(800)', 'B(801)', 'C(802)', 'H(807)', 'K(810)', 'L(811)', 'M(812)', 'O(814)', 'Q(816)', 'R(817)', 'T(819)', 'Y(824)', 'Z(825)']
