-- MLP info --
MLP=
    [
        - Id=1,
        - Params=
        [
            - learning_rate = 0.5, 
            - error_rate: float = 0.009, 
            - input_vector_dimension = 120, 
            - total_hidden_perceptrons = 100, 
            - total_output_percetrons = 26, 
            - total_eras = 600, 
            - bias_value = 1, 
            - threshold_max = 1, 
            - threshold_min = 0
        ],
        - InputLayer=
        [
            - TotalData = 1000
        ],
        - HiddenLayer=
        [
            - TotalPerceptrons=100, 
            - VectorDimension=120
        ],
        - OutputLayer=
        [
            - TotalPerceptrons=26, 
            - VectorDimension=100
        ]
        - Final_era= 70
        - Final_error = 2.969880493697519
    ]
-- Learning assessment --
- Total_hits = 273
- Total_errors = 53
- Char_hits = ['M(0)', 'N(1)', 'O(2)', 'Q(4)', 'R(5)', 'S(6)', 'T(7)', 'U(8)', 'V(9)', 'W(10)', 'X(11)', 'Y(12)', 'Z(13)', 'A(14)', 'B(15)', 'C(16)', 'D(17)', 'E(18)', 'F(19)', 'G(20)', 'H(21)', 'J(23)', 'K(24)', 'L(25)', 'M(26)', 'N(27)', 'P(29)', 'Q(30)', 'R(31)', 'S(32)', 'T(33)', 'U(34)', 'V(35)', 'W(36)', 'X(37)', 'Y(38)', 'Z(39)', 'A(40)', 'B(41)', 'C(42)', 'D(43)', 'E(44)', 'F(45)', 'G(46)', 'H(47)', 'I(48)', 'J(49)', 'K(50)', 'L(51)', 'M(52)', 'N(53)', 'O(54)', 'P(55)', 'Q(56)', 'S(58)', 'T(59)', 'U(60)', 'V(61)', 'W(62)', 'X(63)', 'Y(64)', 'Z(65)', 'A(66)', 'B(67)', 'C(68)', 'D(69)', 'E(70)', 'G(72)', 'H(73)', 'I(74)', 'K(76)', 'L(77)', 'M(78)', 'N(79)', 'O(80)', 'P(81)', 'Q(82)', 'R(83)', 'S(84)', 'T(85)', 'U(86)', 'V(87)', 'W(88)', 'X(89)', 'Y(90)', 'Z(91)', 'A(92)', 'B(93)', 'C(94)', 'D(95)', 'E(96)', 'F(97)', 'G(98)', 'H(99)', 'I(100)', 'J(101)', 'K(102)', 'L(103)', 'M(104)', 'N(105)', 'O(106)', 'P(107)', 'Q(108)', 'S(110)', 'T(111)', 'U(112)', 'V(113)', 'W(114)', 'X(115)', 'Y(116)', 'Z(117)', 'A(118)', 'B(119)', 'I(126)', 'J(127)', 'K(128)', 'P(133)', 'S(136)', 'W(140)', 'A(144)', 'B(145)', 'C(146)', 'D(147)', 'E(148)', 'F(149)', 'G(150)', 'H(151)', 'I(152)', 'J(153)', 'K(154)', 'L(155)', 'M(156)', 'N(157)', 'P(159)', 'Q(160)', 'S(162)', 'T(163)', 'U(164)', 'V(165)', 'W(166)', 'X(167)', 'Y(168)', 'Z(169)', 'A(170)', 'B(171)', 'C(172)', 'D(173)', 'E(174)', 'F(175)', 'G(176)', 'H(177)', 'I(178)', 'J(179)', 'K(180)', 'L(181)', 'M(182)', 'N(183)', 'O(184)', 'P(185)', 'Q(186)', 'R(187)', 'T(189)', 'U(190)', 'V(191)', 'W(192)', 'X(193)', 'Y(194)', 'Z(195)', 'A(196)', 'B(197)', 'D(199)', 'E(200)', 'F(201)', 'G(202)', 'H(203)', 'I(204)', 'J(205)', 'L(207)', 'M(208)', 'N(209)', 'O(210)', 'P(211)', 'Q(212)', 'R(213)', 'T(215)', 'U(216)', 'V(217)', 'W(218)', 'X(219)', 'Y(220)', 'Z(221)', 'F(227)', 'G(228)', 'J(231)', 'K(232)', 'L(233)', 'M(234)', 'O(236)', 'P(237)', 'Q(238)', 'R(239)', 'S(240)', 'T(241)', 'V(243)', 'W(244)', 'Z(247)', 'A(248)', 'B(249)', 'C(250)', 'D(251)', 'E(252)', 'F(253)', 'G(254)', 'H(255)', 'I(256)', 'J(257)', 'K(258)', 'L(259)', 'M(260)', 'N(261)', 'O(262)', 'P(263)', 'Q(264)', 'R(265)', 'S(266)', 'U(268)', 'V(269)', 'W(270)', 'X(271)', 'Y(272)', 'Z(273)', 'A(274)', 'B(275)', 'C(276)', 'E(278)', 'F(279)', 'G(280)', 'H(281)', 'I(282)', 'J(283)', 'K(284)', 'L(285)', 'M(286)', 'O(288)', 'P(289)', 'Q(290)', 'R(291)', 'S(292)', 'T(293)', 'U(294)', 'W(296)', 'X(297)', 'Y(298)', 'Z(299)', 'B(301)', 'D(303)', 'E(304)', 'F(305)', 'G(306)', 'I(308)', 'J(309)', 'K(310)', 'M(312)', 'N(313)', 'P(315)', 'Q(316)', 'R(317)', 'S(318)', 'T(319)', 'V(321)', 'W(322)', 'Y(324)', 'Z(325)']
- Char_errors = ['P(3)', 'I(22)', 'O(28)', 'R(57)', 'F(71)', 'J(75)', 'R(109)', 'C(120)', 'D(121)', 'E(122)', 'F(123)', 'G(124)', 'H(125)', 'L(129)', 'M(130)', 'N(131)', 'O(132)', 'Q(134)', 'R(135)', 'T(137)', 'U(138)', 'V(139)', 'X(141)', 'Y(142)', 'Z(143)', 'O(158)', 'R(161)', 'S(188)', 'C(198)', 'K(206)', 'S(214)', 'A(222)', 'B(223)', 'C(224)', 'D(225)', 'E(226)', 'H(229)', 'I(230)', 'N(235)', 'U(242)', 'X(245)', 'Y(246)', 'T(267)', 'D(277)', 'N(287)', 'V(295)', 'A(300)', 'C(302)', 'H(307)', 'L(311)', 'O(314)', 'U(320)', 'X(323)']
