-- MLP info --
MLP=
    [
        - Id=1,
        - Params=
        [
            - learning_rate = 0.5, 
            - error_rate: float = 1e-05, 
            - input_vector_dimension = 120, 
            - total_hidden_perceptrons = 10, 
            - total_output_percetrons = 26, 
            - total_eras = 5000, 
            - bias_value = 1, 
            - threshold_max = 1, 
            - threshold_min = 0
        ],
        - InputLayer=
        [
            - TotalData = 13
        ],
        - HiddenLayer=
        [
            - TotalPerceptrons=10, 
            - VectorDimension=120
        ],
        - OutputLayer=
        [
            - TotalPerceptrons=26, 
            - VectorDimension=10
        ]
        - Final_era= 1210
    ]
-- Learning assessment --
- Data = A
- Max_value_output = 0.9464328201001305
- Position_value_output = 0
- Classification = True

- Data = B
- Max_value_output = 0.8856161316728598
- Position_value_output = 1
- Classification = True

- Data = C
- Max_value_output = 0.9089367488235817
- Position_value_output = 2
- Classification = True

- Data = D
- Max_value_output = 0.9492733163710739
- Position_value_output = 3
- Classification = True

- Data = E
- Max_value_output = 0.9276813445842189
- Position_value_output = 4
- Classification = True

- Data = F
- Max_value_output = 0.9519783627382947
- Position_value_output = 5
- Classification = True

- Data = G
- Max_value_output = 0.9436220574620864
- Position_value_output = 6
- Classification = True

- Data = H
- Max_value_output = 0.8916524081277042
- Position_value_output = 7
- Classification = True

- Data = I
- Max_value_output = 0.9370397910620889
- Position_value_output = 8
- Classification = True

- Data = J
- Max_value_output = 0.9057444302372133
- Position_value_output = 9
- Classification = True

- Data = K
- Max_value_output = 0.9303330420732963
- Position_value_output = 10
- Classification = True

- Data = L
- Max_value_output = 0.9089221121914733
- Position_value_output = 11
- Classification = True

- Data = M
- Max_value_output = 0.9584544099727951
- Position_value_output = 12
- Classification = True

